<?xml version="1.0" encoding="UTF-8"?>
<!-- Generated by org.testng.reporters.JUnitXMLReporter -->
<testsuite ignored="0" hostname="DESKTOP-PJSAGLH" failures="1" tests="2" name="Test" time="78.22" errors="0" timestamp="2022-10-06T14:22:23 IST">
  <testcase classname="com.Test.Test_1" name="Verify_Test1" time="30.625">
    <failure type="java.lang.AssertionError" message="expected [FaceBook] but found [Log in to Facebook]">
      <![CDATA[java.lang.AssertionError: expected [FaceBook] but found [Log in to Facebook]
at com.Test.Test_1.Verify_Test1(Test_1.java:27)
at java.base/java.util.ArrayList.forEach(ArrayList.java:1511)
... Removed 31 stack frames]]>
    </failure>
  </testcase> <!-- Verify_Test1 -->
  <testcase classname="com.Test.Test_2" name="test2" time="0.042"/>
</testsuite> <!-- Test -->
